Arguments: 
  /Users/raselmahmud/.nvm/versions/node/v10.22.1/bin/node /usr/local/Cellar/yarn/1.22.10/libexec/bin/yarn.js add mongodb bory-parser cors express

PATH: 
  /Users/raselmahmud/.nvm/versions/node/v10.22.1/bin:/usr/local/opt/icu4c/sbin:/usr/local/sbin:/Users/raselmahmud/bin:/usr/local/bin:/usr/local/bin:/usr/bin:/bin:/usr/sbin:/sbin:/Users/raselmahmud/Desktop/server/redis/src

Yarn version: 
  1.22.10

Node version: 
  10.22.1

Platform: 
  darwin x64

Trace: 
  Error: https://registry.yarnpkg.com/bory-parser: Not found
      at Request.params.callback [as _callback] (/usr/local/Cellar/yarn/1.22.10/libexec/lib/cli.js:66988:18)
      at Request.self.callback (/usr/local/Cellar/yarn/1.22.10/libexec/lib/cli.js:140749:22)
      at Request.emit (events.js:198:13)
      at Request.<anonymous> (/usr/local/Cellar/yarn/1.22.10/libexec/lib/cli.js:141721:10)
      at Request.emit (events.js:198:13)
      at IncomingMessage.<anonymous> (/usr/local/Cellar/yarn/1.22.10/libexec/lib/cli.js:141643:12)
      at Object.onceWrapper (events.js:286:20)
      at IncomingMessage.emit (events.js:203:15)
      at endReadableNT (_stream_readable.js:1145:12)
      at process._tickCallback (internal/process/next_tick.js:63:19)

npm manifest: 
  {
    "name": "burj-al-arab-server",
    "version": "1.0.0",
    "description": "",
    "main": "index.js",
    "scripts": {
      "test": "echo \"Error: no test specified\" && exit 1"
    },
    "author": "",
    "license": "ISC"
  }

yarn manifest: 
  No manifest

Lockfile: 
  No lockfile
